# JRE version: OpenJDK Runtime Environment (11.0.6+8) (build 11.0.6+8-b520.66)
# Java VM: OpenJDK 64-Bit Server VM (11.0.6+8-b520.66, mixed mode, tiered, compressed oops, g1 gc, windows-amd64)
Heap:
 garbage-first heap   total 131072K, used 8455K [0x0000000081a00000, 0x0000000100000000)
  region size 1024K, 6 young (6144K), 4 survivors (4096K)
 Metaspace       used 29181K, capacity 29465K, committed 29616K, reserved 1075200K
  class space    used 3219K, capacity 3327K, committed 3328K, reserved 1048576K
GC Heap History (8 events):
Event: 7.968 GC heap before
{Heap before GC invocations=0 (full 0):
 garbage-first heap   total 131072K, used 14336K [0x0000000081a00000, 0x0000000100000000)
  region size 1024K, 14 young (14336K), 0 survivors (0K)
 Metaspace       used 10743K, capacity 10933K, committed 11136K, reserved 1058816K
  class space    used 1009K, capacity 1091K, committed 1152K, reserved 1048576K
}
Event: 7.975 GC heap after
{Heap after GC invocations=1 (full 0):
 garbage-first heap   total 131072K, used 4033K [0x0000000081a00000, 0x0000000100000000)
  region size 1024K, 2 young (2048K), 2 survivors (2048K)
 Metaspace       used 10743K, capacity 10933K, committed 11136K, reserved 1058816K
  class space    used 1009K, capacity 1091K, committed 1152K, reserved 1048576K
}
Event: 9.014 GC heap before
{Heap before GC invocations=1 (full 0):
 garbage-first heap   total 131072K, used 14273K [0x0000000081a00000, 0x0000000100000000)
  region size 1024K, 12 young (12288K), 2 survivors (2048K)
 Metaspace       used 13958K, capacity 14135K, committed 14336K, reserved 1062912K
  class space    used 1427K, capacity 1500K, committed 1536K, reserved 1048576K
}
Event: 9.016 GC heap after
{Heap after GC invocations=2 (full 0):
 garbage-first heap   total 131072K, used 4782K [0x0000000081a00000, 0x0000000100000000)
  region size 1024K, 1 young (1024K), 1 survivors (1024K)
 Metaspace       used 13958K, capacity 14135K, committed 14336K, reserved 1062912K
  class space    used 1427K, capacity 1500K, committed 1536K, reserved 1048576K
}
Event: 11.603 GC heap before
{Heap before GC invocations=2 (full 0):
 garbage-first heap   total 131072K, used 35502K [0x0000000081a00000, 0x0000000100000000)
  region size 1024K, 30 young (30720K), 1 survivors (1024K)
 Metaspace       used 20794K, capacity 21076K, committed 21296K, reserved 1069056K
  class space    used 2263K, capacity 2345K, committed 2432K, reserved 1048576K
}
Event: 11.606 GC heap after
{Heap after GC invocations=3 (full 0):
 garbage-first heap   total 131072K, used 6069K [0x0000000081a00000, 0x0000000100000000)
  region size 1024K, 2 young (2048K), 2 survivors (2048K)
 Metaspace       used 20794K, capacity 21076K, committed 21296K, reserved 1069056K
  class space    used 2263K, capacity 2345K, committed 2432K, reserved 1048576K
}
Event: 11.627 GC heap before
{Heap before GC invocations=3 (full 0):
 garbage-first heap   total 131072K, used 6069K [0x0000000081a00000, 0x0000000100000000)
  region size 1024K, 3 young (3072K), 2 survivors (2048K)
 Metaspace       used 20946K, capacity 21172K, committed 21296K, reserved 1069056K
  class space    used 2287K, capacity 2377K, committed 2432K, reserved 1048576K
}
Event: 11.629 GC heap after
{Heap after GC invocations=4 (full 0):
 garbage-first heap   total 131072K, used 6242K [0x0000000081a00000, 0x0000000100000000)
  region size 1024K, 3 young (3072K), 3 survivors (3072K)
 Metaspace       used 20946K, capacity 21172K, committed 21296K, reserved 1069056K
  class space    used 2287K, capacity 2377K, committed 2432K, reserved 1048576K
}

